[2022-07-20 17:08:43,110] multiqc                                            [DEBUG  ]  No MultiQC config found: /home/rintu.kutum/.conda/envs/beetle-genomics/lib/python2.7/site-packages/multiqc-1.0.dev0-py2.7.egg/multiqc_config.yaml
[2022-07-20 17:08:43,110] multiqc                                            [DEBUG  ]  No MultiQC config found: /home/rintu.kutum/.multiqc_config.yaml
[2022-07-20 17:08:43,111] multiqc                                            [DEBUG  ]  No MultiQC config found: multiqc_config.yaml
[2022-07-20 17:08:43,111] multiqc                                            [DEBUG  ]  Command used: /home/rintu.kutum/.conda/envs/beetle-genomics/bin/multiqc .
[2022-07-20 17:08:43,111] multiqc                                            [DEBUG  ]  Could not connect to multiqc.info for version check
[2022-07-20 17:08:43,111] multiqc                                            [INFO   ]  This is MultiQC v1.0.dev0
[2022-07-20 17:08:43,111] multiqc                                            [DEBUG  ]  Command     : /home/rintu.kutum/.conda/envs/beetle-genomics/bin/multiqc .
[2022-07-20 17:08:43,111] multiqc                                            [DEBUG  ]  Working dir : /nfsdata/storage/bic/data/imroze-lab/rnaseq/reports/fastqc
[2022-07-20 17:08:43,111] multiqc                                            [INFO   ]  Template    : default
[2022-07-20 17:08:43,112] multiqc                                            [INFO   ]  Searching '.'
[2022-07-20 17:08:43,112] multiqc                                            [DEBUG  ]  Analysing modules: custom_content, peddy, methylQA, qualimap, preseq, quast, rseqc, busco, goleft_indexcov, snpeff, gatk, htseq, bcftools, featureCounts, picard, prokka, samblaster, samtools, bamtools, bismark, hicup, salmon, kallisto, slamdunk, star, tophat, bowtie2, bowtie1, cutadapt, trimmomatic, skewer, fastq_screen, fastqc, clusterflow
[2022-07-20 17:08:43,112] multiqc                                            [DEBUG  ]  Using temporary directory for creating report: /var/tmp/pbs.4911.master/tmp8plupn
[2022-07-20 17:08:51,113] multiqc.modules.custom_content.custom_content      [DEBUG  ]  No custom content found
[2022-07-20 17:08:51,194] multiqc.modules.peddy.peddy                        [DEBUG  ]  Could not find any reports in ('.',)
[2022-07-20 17:08:51,226] multiqc.modules.methylQA.methylQA                  [DEBUG  ]  Could not find any reports in ('.',)
[2022-07-20 17:08:51,282] multiqc.modules.qualimap.QM_BamQC                  [DEBUG  ]  Using default Qualimap thresholds: 1, 5, 10, 30, 50
[2022-07-20 17:08:51,317] multiqc.modules.qualimap.qualimap                  [DEBUG  ]  Could not find any reports in ('.',)
[2022-07-20 17:08:52,472] multiqc.modules.preseq.preseq                      [DEBUG  ]  Could not find any preseq data in ('.',)
[2022-07-20 17:08:52,514] multiqc.modules.quast.quast                        [DEBUG  ]  Could not find any reports in ('.',)
[2022-07-20 17:08:53,095] multiqc.modules.rseqc.rseqc                        [DEBUG  ]  Could not find any reports in ('.',)
[2022-07-20 17:08:53,125] multiqc.modules.busco.busco                        [DEBUG  ]  Could not find any reports in ('.',)
[2022-07-20 17:08:53,162] multiqc.modules.goleft_indexcov.goleft_indexcov    [DEBUG  ]  Did not find goleft indexcov outputs in ('.',)
[2022-07-20 17:08:53,349] multiqc.modules.snpeff.snpeff                      [DEBUG  ]  Could not find any data in ('.',)
[2022-07-20 17:08:53,504] multiqc.modules.gatk.gatk                          [DEBUG  ]  Could not find any reports in ('.',)
[2022-07-20 17:08:53,656] multiqc.modules.htseq.htseq                        [DEBUG  ]  Could not find any reports in ('.',)
[2022-07-20 17:08:53,816] multiqc.modules.bcftools.bcftools                  [DEBUG  ]  Could not find any reports in ('.',)
[2022-07-20 17:08:53,845] multiqc.modules.featureCounts.feature_counts       [DEBUG  ]  Could not find any reports in ('.',)
[2022-07-20 17:08:55,046] multiqc.modules.picard.picard                      [DEBUG  ]  Could not find any reports in ('.',)
[2022-07-20 17:08:55,081] multiqc.modules.prokka.prokka                      [DEBUG  ]  Could not find any Prokka data in ('.',)
[2022-07-20 17:08:55,261] multiqc.modules.samblaster.samblaster              [DEBUG  ]  Could not find any data in ('.',)
[2022-07-20 17:08:55,651] multiqc.modules.samtools.samtools                  [DEBUG  ]  Could not find any reports in ('.',)
[2022-07-20 17:08:55,808] multiqc.modules.bamtools.bamtools                  [DEBUG  ]  Could not find any reports in ('.',)
[2022-07-20 17:08:55,889] multiqc.modules.bismark.bismark                    [DEBUG  ]  Could not find any reports in ('.',)
[2022-07-20 17:08:55,920] multiqc.modules.hicup.hicup                        [DEBUG  ]  Could not find any HiCUP data in ('.',)
[2022-07-20 17:08:55,956] multiqc.modules.salmon.salmon                      [DEBUG  ]  Could not find any Salmon data in ('.',)
[2022-07-20 17:08:56,103] multiqc.modules.kallisto.kallisto                  [DEBUG  ]  Could not find any reports in ('.',)
[2022-07-20 17:08:56,834] multiqc.modules.slamdunk.slamdunk                  [DEBUG  ]  No slamdunk reports found.
[2022-07-20 17:08:56,869] multiqc.modules.star.star                          [DEBUG  ]  Could not find any reports in ('.',)
[2022-07-20 17:08:56,900] multiqc.modules.tophat.tophat                      [DEBUG  ]  Could not find any reports in ('.',)
[2022-07-20 17:08:57,067] multiqc.modules.bowtie2.bowtie2                    [DEBUG  ]  Could not find any reports in ('.',)
[2022-07-20 17:08:57,216] multiqc.modules.bowtie1.bowtie1                    [DEBUG  ]  Could not find any reports in ('.',)
[2022-07-20 17:08:57,371] multiqc.modules.cutadapt.cutadapt                  [DEBUG  ]  Could not find any reports in ('.',)
[2022-07-20 17:08:57,543] multiqc.modules.trimmomatic.trimmomatic            [DEBUG  ]  Could not find any Trimmomatic data in ('.',)
[2022-07-20 17:08:57,694] multiqc.modules.skewer.skewer                      [DEBUG  ]  Could not find any data in ('.',)
[2022-07-20 17:08:57,720] multiqc.modules.fastq_screen.fastq_screen          [DEBUG  ]  Could not find any reports in ('.',)
[2022-07-20 17:09:11,701] multiqc.modules.fastqc.fastqc                      [INFO   ]  Found 40 reports
[2022-07-20 17:09:12,591] multiqc.modules.clusterflow.clusterflow            [DEBUG  ]  Could not find any reports in ('.',)
[2022-07-20 17:09:12,596] multiqc                                            [INFO   ]  Report      : multiqc_report.html
[2022-07-20 17:09:12,598] multiqc                                            [INFO   ]  Data        : multiqc_data
[2022-07-20 17:09:12,598] multiqc                                            [DEBUG  ]  Moving data file from '/var/tmp/pbs.4911.master/tmp8plupn/multiqc_data/multiqc_fastqc.txt' to '/nfsdata/storage/bic/data/imroze-lab/rnaseq/reports/fastqc/multiqc_data'
[2022-07-20 17:09:12,602] multiqc                                            [DEBUG  ]  Moving data file from '/var/tmp/pbs.4911.master/tmp8plupn/multiqc_data/multiqc_general_stats.txt' to '/nfsdata/storage/bic/data/imroze-lab/rnaseq/reports/fastqc/multiqc_data'
[2022-07-20 17:09:12,606] multiqc                                            [DEBUG  ]  Moving data file from '/var/tmp/pbs.4911.master/tmp8plupn/multiqc_data/multiqc_sources.txt' to '/nfsdata/storage/bic/data/imroze-lab/rnaseq/reports/fastqc/multiqc_data'
[2022-07-20 17:09:13,032] multiqc                                            [INFO   ]  MultiQC complete
